1488376179324	geckodriver	INFO	Listening on 127.0.0.1:62786
1488376181364	mozprofile::profile	INFO	Using profile path C:\Users\air\AppData\Local\Temp\rust_mozprofile.bybGAVBF0IqJ
1488376181364	geckodriver::marionette	INFO	Starting browser C:\Program Files (x86)\Mozilla Firefox\firefox.exe
1488376181380	geckodriver::marionette	INFO	Connecting to Marionette on localhost:62793
1488376182071	Marionette	INFO	Listening on port 62793
js, line 287: NS_ERROR_FILE_ACCESS_DENIED: Component returned failure code: 0x80520015 (NS_ERROR_FILE_ACCESS_DENIED) [nsIPrefService.savePrefFile]
1487688876259	Marionette	INFO	Listening on port 60611
Proxy instead
console.warn: Asynchronous operation was aborted as selection changed.
console.error: 
DOMException
  - prototype DOMException
    - ABORT_ERR = 20
    - DATA_CLONE_ERR = 25
    - DOMSTRING_SIZE_ERR = 2
    - HIERARCHY_REQUEST_ERR = 3
    - INDEX_SIZE_ERR = 1
    - INUSE_ATTRIBUTE_ERR = 10
    - INVALID_ACCESS_ERR = 15
    - INVALID_CHARACTER_ERR = 5
    - INVALID_MODIFICATION_ERR = 13
    - INVALID_NODE_TYPE_ERR = 24
    - INVALID_STATE_ERR = 11
    - NAMESPACE_ERR = 14
    - NETWORK_ERR = 19
    - NOT_FOUND_ERR = 8
    - NOT_SUPPORTED_ERR = 9
    - NO_DATA_ALLOWED_ERR = 6
    - NO_MODIFICATION_ALLOWED_ERR = 7
    - QUOTA_EXCEEDED_ERR = 22
    - SECURITY_ERR = 18
    - SYNTAX_ERR = 12
    - TIMEOUT_ERR = 23
    - TYPE_MISMATCH_ERR = 17
    - URL_MISMATCH_ERR = 21
    - VALIDATION_ERR = 16
    - WRONG_DOCUMENT_ERR = 4
    - code = 15
    - columnNumber = 0
    - data = null
    - filename = resource://gre/modules/commonjs/toolkit/loader.js -> resource://devtools/shared/inspector/css-logic.js
    - lineNumber = 1276
    - location = {"language":2,"languageName":"JavaScript","filename":"resource://gre/modules/commonjs/toolkit/loader.js -> resource://devtools/shared/inspector/css-logic.js","name":"CssSheet.prototype.ruleCount","lineNumber":1276,"columnNumber":1,"sourceLine":"","asyncCause":null,"asyncCaller":null,"caller":{"language":2,"languageName":"JavaScript","filename":"resource://gre/modules/commonjs/toolkit/loader.js -> resource://devtools/shared/inspector/css-logic.js","name":"CssLogic.prototype.getSheet","lineNumber":389,"columnNumber":9,"sourceLine":"","asyncCause":null,"asyncCaller":null,"caller":{"language":2,"languageName":"JavaScript","filename":"resource://gre/modules/commonjs/toolkit/loader.js -> resource://devtools/shared/inspector/css-logic.js","name":"CssLogic.prototype._cacheSheet","lineNumber":296,"columnNumber":20,"sourceLine":"","asyncCause":null,"asyncCaller":null,"caller":{"language":2,"languageName":"JavaScript","filename":"resource://gre/modules/commonjs/toolkit/loader.js -> resource://devtools/shared/inspector/css-logic.js","name":"CssLogic.prototype._cacheSheets","lineNumber":270,"columnNumber":5,"sourceLine":"","asyncCause":null,"asyncCaller":null,"caller":{"language":2,"languageName":"JavaScript","filename":"resource://gre/modules/commonjs/toolkit/loader.js -> resource://devtools/shared/inspector/css-logic.js","name":"CssLogic.prototype.highlight","lineNumber":171,"columnNumber":7,"sourceLine":"","asyncCause":null,"asyncCaller":null,"caller":{"language":2,"languageName":"JavaScript","filename":"resource://gre/modules/commonjs/toolkit/loader.js -> resource://devtools/server/actors/styles.js","name":"PageStyleActor<.getApplied<","lineNumber":573,"columnNumber":5,"sourceLine":"","asyncCause":null,"asyncCaller":null,"caller":{"language":2,"languageName":"JavaScript","filename":"resource://gre/modules/Task.jsm","name":"TaskImpl_run","lineNumber":319,"columnNumber":40,"sourceLine":"","asyncCause":null,"asyncCaller":null,"caller":{"language":2,"languageName":"JavaScript","filename":"resource://gre/modules/Task.jsm","name":"TaskImpl","lineNumber":280,"columnNumber":3,"sourceLine":"","asyncCause":null,"asyncCaller":null,"caller":{"language":2,"languageName":"JavaScript","filename":"resource://gre/modules/Task.jsm","name":"createAsyncFunction/asyncFunction","lineNumber":254,"columnNumber":14,"sourceLine":"","asyncCause":null,"asyncCaller":null,"caller":{"language":2,"languageName":"JavaScript","filename":"resource://gre/modules/commonjs/toolkit/loader.js -> resource://devtools/server/protocol.js","name":"actorProto/</handler","lineNumber":1013,"columnNumber":19,"sourceLine":"","asyncCause":null,"asyncCaller":null,"caller":{"language":2,"languageName":"JavaScript","filename":"resource://gre/modules/commonjs/toolkit/loader.js -> resource://devtools/server/main.js","name":"DSC_onPacket","lineNumber":1643,"columnNumber":15,"sourceLine":"","asyncCause":null,"asyncCaller":null,"caller":{"language":2,"languageName":"JavaScript","filename":"chrome://marionette/content/server.js -> resource://devtools/shared/transport/transport.js","name":"LocalDebuggerTransport.prototype.send/<","lineNumber":569,"columnNumber":11,"sourceLine":"","asyncCause":null,"asyncCaller":null,"caller":{"language":2,"languageName":"JavaScript","filename":"resource://gre/modules/commonjs/toolkit/loader.js -> resource://devtools/shared/ThreadSafeDevToolsUtils.js","name":"exports.makeInfallible/<","lineNumber":101,"columnNumber":14,"sourceLine":"","asyncCause":null,"asyncCaller":null,"caller":{"language":2,"languageName":"JavaScript","filename":"resource://gre/modules/commonjs/toolkit/loader.js -> resource://devtools/shared/ThreadSafeDevToolsUtils.js","name":"exports.makeInfallible/<","lineNumber":101,"columnNumber":14,"sourceLine":"","asyncCause":null,"asyncCaller":null,"caller":null,"formattedStack":"exports.makeInfallible/<@resource://gre/modules/commonjs/toolkit/loader.js -> resource://devtools/shared/ThreadSafeDevToolsUtils.js:101:14\n","nativeSavedFrame":{}},"formattedStack":"exports.makeInfallible/<@resource://gre/modules/commonjs/toolkit/loader.js -> resource://devtools/shared/ThreadSafeDevToolsUtils.js:101:14\nexports.makeInfallible/<@resource://gre/modules/commonjs/toolkit/loader.js -> resource://devtools/shared/ThreadSafeDevToolsUtils.js:101:14\n","nativeSavedFrame":{}},"formattedStack":"LocalDebuggerTransport.prototype.send/<@chrome://marionette/content/server.js -> resource://devtools/shared/transport/transport.js:569:11\nexports.makeInfallible/<@resource://gre/modules/commonjs/toolkit/loader.js -> resource://devtools/shared/ThreadSafeDevToolsUtils.js:101:14\nexports.makeInfallible/<@resource://gre/modules/commonjs/toolkit/loader.js -> resource://devtools/shared/ThreadSafeDevToolsUtils.js:101:14\n","nativeSavedFrame":{}},"formattedStack":"DSC_onPacket@resource://gre/modules/commonjs/toolkit/loader.js -> resource://devtools/server/main.js:1643:15\nLocalDebuggerTransport.prototype.send/<@chrome://marionette/content/server.js -> resource://devtools/shared/transport/transport.js:569:11\nexports.makeInfallible/<@resource://gre/modules/commonjs/toolkit/loader.js -> resource://devtools/shared/ThreadSafeDevToolsUtils.js:101:14\nexports.makeInfallible/<@resource://gre/modules/commonjs/toolkit/loader.js -> resource://devtools/shared/ThreadSafeDevToolsUtils.js:101:14\n","nativeSavedFrame":{}},"formattedStack":"actorProto/</handler@resource://gre/modules/commonjs/toolkit/loader.js -> resource://devtools/server/protocol.js:1013:19\nDSC_onPacket@resource://gre/modules/commonjs/toolkit/loader.js -> resource://devtools/server/main.js:1643:15\nLocalDebuggerTransport.prototype.send/<@chrome://marionette/content/server.js -> resource://devtools/shared/transport/transport.js:569:11\nexports.makeInfallible/<@resource://gre/modules/commonjs/toolkit/loader.js -> resource://devtools/shared/ThreadSafeDevToolsUtils.js:101:14\nexports.makeInfallible/<@resource://gre/modules/commonjs/toolkit/loader.js -> resource://devtools/shared/ThreadSafeDevToolsUtils.js:101:14\n","nativeSavedFrame":{}},"formattedStack":"createAsyncFunction/asyncFunction@resource://gre/modules/Task.jsm:254:14\nactorProto/</handler@resource://gre/modules/commonjs/toolkit/loader.js -> resource://devtools/server/protocol.js:1013:19\nDSC_onPacket@resource://gre/modules/commonjs/toolkit/loader.js -> resource://devtools/server/main.js:1643:15\nLocalDebuggerTransport.prototype.send/<@chrome://marionette/content/server.js -> resource://devtools/shared/transport/transport.js:569:11\nexports.makeInfallible/<@resource://gre/modules/commonjs/toolkit/loader.js -> resource://devtools/shared/ThreadSafeDevToolsUtils.js:101:14\nexports.makeInfallible/<@resource://gre/modules/commonjs/toolkit/loader.js -> resource://devtools/shared/ThreadSafeDevToolsUtils.js:101:14\n","nativeSavedFrame":{}},"formattedStack":"TaskImpl@resource://gre/modules/Task.jsm:280:3\ncreateAsyncFunction/asyncFunction@resource://gre/modules/Task.jsm:254:14\nactorProto/</handler@resource://gre/modules/commonjs/toolkit/loader.js -> resource://devtools/server/protocol.js:1013:19\nDSC_onPacket@resource://gre/modules/commonjs/toolkit/loader.js -> resource://devtools/server/main.js:1643:15\nLocalDebuggerTransport.prototype.send/<@chrome://marionette/content/server.js -> resource://devtools/shared/transport/transport.js:569:11\nexports.makeInfallible/<@resource://gre/modules/commonjs/toolkit/loader.js -> resource://devtools/shared/ThreadSafeDevToolsUtils.js:101:14\nexports.makeInfallible/<@resource://gre/modules/commonjs/toolkit/loader.js -> resource://devtools/shared/ThreadSafeDevToolsUtils.js:101:14\n","nativeSavedFrame":{}},"formattedStack":"TaskImpl_run@resource://gre/modules/Task.jsm:319:40\nTaskImpl@resource://gre/modules/Task.jsm:280:3\ncreateAsyncFunction/asyncFunction@resource://gre/modules/Task.jsm:254:14\nactorProto/</handler@resource://gre/modules/commonjs/toolkit/loader.js -> resource://devtools/server/protocol.js:1013:19\nDSC_onPacket@resource://gre/modules/commonjs/toolkit/loader.js -> resource://devtools/server/main.js:1643:15\nLocalDebuggerTransport.prototype.send/<@chrome://marionette/content/server.js -> resource://devtools/shared/transport/transport.js:569:11\nexports.makeInfallible/<@resource://gre/modules/commonjs/toolkit/loader.js -> resource://devtools/shared/ThreadSafeDevToolsUtils.js:101:14\nexports.makeInfallible/<@resource://gre/modules/commonjs/toolkit/loader.js -> resource://devtools/shared/ThreadSafeDevToolsUtils.js:101:14\n","nativeSavedFrame":{}},"formattedStack":"PageStyleActor<.getApplied<@resource://gre/modules/commonjs/toolkit/loader.js -> resource://devtools/server/actors/styles.js:573:5\nTaskImpl_run@resource://gre/modules/Task.jsm:319:40\nTaskImpl@resource://gre/modules/Task.jsm:280:3\ncreateAsyncFunction/asyncFunction@resource://gre/modules/Task.jsm:254:14\nactorProto/</handler@resource://gre/modules/commonjs/toolkit/loader.js -> resource://devtools/server/protocol.js:1013:19\nDSC_onPacket@resource://gre/modules/commonjs/toolkit/loader.js -> resource://devtools/server/main.js:1643:15\nLocalDebuggerTransport.prototype.send/<@chrome://marionette/content/server.js -> resource://devtools/shared/transport/transport.js:569:11\nexports.makeInfallible/<@resource://gre/modules/commonjs/toolkit/loader.js -> resource://devtools/shared/ThreadSafeDevToolsUtils.js:101:14\nexports.makeInfallible/<@resource://gre/modules/commonjs/toolkit/loader.js -> resource://devtools/shared/ThreadSafeDevToolsUtils.js:101:14\n","nativeSavedFrame":{}},"formattedStack":"CssLogic.prototype.highlight@resource://gre/modules/commonjs/toolkit/loader.js -> resource://devtools/shared/inspector/css-logic.js:171:7\nPageStyleActor<.getApplied<@resource://gre/modules/commonjs/toolkit/loader.js -> resource://devtools/server/actors/styles.js:573:5\nTaskImpl_run@resource://gre/modules/Task.jsm:319:40\nTaskImpl@resource://gre/modules/Task.jsm:280:3\ncreateAsyncFunction/asyncFunction@resource://gre/modules/Task.jsm:254:14\nactorProto/</handler@resource://gre/modules/commonjs/toolkit/loader.js -> resource://devtools/server/protocol.js:1013:19\nDSC_onPacket@resource://gre/modules/commonjs/toolkit/loader.js -> resource://devtools/server/main.js:1643:15\nLocalDebuggerTransport.prototype.send/<@chrome://marionette/content/server.js -> resource://devtools/shared/transport/transport.js:569:11\nexports.makeInfallible/<@resource://gre/modules/commonjs/toolkit/loader.js -> resource://devtools/shared/ThreadSafeDevToolsUtils.js:101:14\nexports.makeInfallible/<@resource://gre/modules/commonjs/toolkit/loader.js -> resource://devtools/shared/ThreadSafeDevToolsUtils.js:101:14\n","nativeSavedFrame":{}},"formattedStack":"CssLogic.prototype._cacheSheets@resource://gre/modules/commonjs/toolkit/loader.js -> resource://devtools/shared/inspector/css-logic.js:270:5\nCssLogic.prototype.highlight@resource://gre/modules/commonjs/toolkit/loader.js -> resource://devtools/shared/inspector/css-logic.js:171:7\nPageStyleActor<.getApplied<@resource://gre/modules/commonjs/toolkit/loader.js -> resource://devtools/server/actors/styles.js:573:5\nTaskImpl_run@resource://gre/modules/Task.jsm:319:40\nTaskImpl@resource://gre/modules/Task.jsm:280:3\ncreateAsyncFunction/asyncFunction@resource://gre/modules/Task.jsm:254:14\nactorProto/</handler@resource://gre/modules/commonjs/toolkit/loader.js -> resource://devtools/server/protocol.js:1013:19\nDSC_onPacket@resource://gre/modules/commonjs/toolkit/loader.js -> resource://devtools/server/main.js:1643:15\nLocalDebuggerTransport.prototype.send/<@chrome://marionette/content/server.js -> resource://devtools/shared/transport/transport.js:569:11\nexports.makeInfallible/<@resource://gre/modules/commonjs/toolkit/loader.js -> resource://devtools/shared/ThreadSafeDevToolsUtils.js:101:14\nexports.makeInfallible/<@resource://gre/modules/commonjs/toolkit/loader.js -> resource://devtools/shared/ThreadSafeDevToolsUtils.js:101:14\n","nativeSavedFrame":{}},"formattedStack":"CssLogic.prototype._cacheSheet@resource://gre/modules/commonjs/toolkit/loader.js -> resource://devtools/shared/inspector/css-logic.js:296:20\nCssLogic.prototype._cacheSheets@resource://gre/modules/commonjs/toolkit/loader.js -> resource://devtools/shared/inspector/css-logic.js:270:5\nCssLogic.prototype.highlight@resource://gre/modules/commonjs/toolkit/loader.js -> resource://devtools/shared/inspector/css-logic.js:171:7\nPageStyleActor<.getApplied<@resource://gre/modules/commonjs/toolkit/loader.js -> resource://devtools/server/actors/styles.js:573:5\nTaskImpl_run@resource://gre/modules/Task.jsm:319:40\nTaskImpl@resource://gre/modules/Task.jsm:280:3\ncreateAsyncFunction/asyncFunction@resource://gre/modules/Task.jsm:254:14\nactorProto/</handler@resource://gre/modules/commonjs/toolkit/loader.js -> resource://devtools/server/protocol.js:1013:19\nDSC_onPacket@resource://gre/modules/commonjs/toolkit/loader.js -> resource://devtools/server/main.js:1643:15\nLocalDebuggerTransport.prototype.send/<@chrome://marionette/content/server.js -> resource://devtools/shared/transport/transport.js:569:11\nexports.makeInfallible/<@resource://gre/modules/commonjs/toolkit/loader.js -> resource://devtools/shared/ThreadSafeDevToolsUtils.js:101:14\nexports.makeInfallible/<@resource://gre/modules/commonjs/toolkit/loader.js -> resource://devtools/shared/ThreadSafeDevToolsUtils.js:101:14\n","nativeSavedFrame":{}},"formattedStack":"CssLogic.prototype.getSheet@resource://gre/modules/commonjs/toolkit/loader.js -> resource://devtools/shared/inspector/css-logic.js:389:9\nCssLogic.prototype._cacheSheet@resource://gre/modules/commonjs/toolkit/loader.js -> resource://devtools/shared/inspector/css-logic.js:296:20\nCssLogic.prototype._cacheSheets@resource://gre/modules/commonjs/toolkit/loader.js -> resource://devtools/shared/inspector/css-logic.js:270:5\nCssLogic.prototype.highlight@resource://gre/modules/commonjs/toolkit/loader.js -> resource://devtools/shared/inspector/css-logic.js:171:7\nPageStyleActor<.getApplied<@resource://gre/modules/commonjs/toolkit/loader.js -> resource://devtools/server/actors/styles.js:573:5\nTaskImpl_run@resource://gre/modules/Task.jsm:319:40\nTaskImpl@resource://gre/modules/Task.jsm:280:3\ncreateAsyncFunction/asyncFunction@resource://gre/modules/Task.jsm:254:14\nactorProto/</handler@resource://gre/modules/commonjs/toolkit/loader.js -> resource://devtools/server/protocol.js:1013:19\nDSC_onPacket@resource://gre/modules/commonjs/toolkit/loader.js -> resource://devtools/server/main.js:1643:15\nLocalDebuggerTransport.prototype.send/<@chrome://marionette/content/server.js -> resource://devtools/shared/transport/transport.js:569:11\nexports.makeInfallible/<@resource://gre/modules/commonjs/toolkit/loader.js -> resource://devtools/shared/ThreadSafeDevToolsUtils.js:101:14\nexports.makeInfallible/<@resource://gre/modules/commonjs/toolkit/loader.js -> resource://devtools/shared/ThreadSafeDevToolsUtils.js:101:14\n","nativeSavedFrame":{}},"formattedStack":"CssSheet.prototype.ruleCount@resource://gre/modules/commonjs/toolkit/loader.js -> resource://devtools/shared/inspector/css-logic.js:1276:1\nCssLogic.prototype.getSheet@resource://gre/modules/commonjs/toolkit/loader.js -> resource://devtools/shared/inspector/css-logic.js:389:9\nCssLogic.prototype._cacheSheet@resource://gre/modules/commonjs/toolkit/loader.js -> resource://devtools/shared/inspector/css-logic.js:296:20\nCssLogic.prototype._cacheSheets@resource://gre/modules/commonjs/toolkit/loader.js -> resource://devtools/shared/inspector/css-logic.js:270:5\nCssLogic.prototype.highlight@resource://gre/modules/commonjs/toolkit/loader.js -> resource://devtools/shared/inspector/css-logic.js:171:7\nPageStyleActor<.getApplied<@resource://gre/modules/commonjs/toolkit/loader.js -> resource://devtools/server/actors/styles.js:573:5\nTaskImpl_run@resource://gre/modules/Task.jsm:319:40\nTaskImpl@resource://gre/modules/Task.jsm:280:3\ncreateAsyncFunction/asyncFunction@resource://gre/modules/Task.jsm:254:14\nactorProto/</handler@resource://gre/modules/commonjs/toolkit/loader.js -> resource://devtools/server/protocol.js:1013:19\nDSC_onPacket@resource://gre/modules/commonjs/toolkit/loader.js -> resource://devtools/server/main.js:1643:15\nLocalDebuggerTransport.prototype.send/<@chrome://marionette/content/server.js -> resource://devtools/shared/transport/transport.js:569:11\nexports.makeInfallible/<@resource://gre/modules/commonjs/toolkit/loader.js -> resource://devtools/shared/ThreadSafeDevToolsUtils.js:101:14\nexports.makeInfallible/<@resource://gre/modules/commonjs/toolkit/loader.js -> resource://devtools/shared/ThreadSafeDevToolsUtils.js:101:14\n","nativeSavedFrame":{}}
    - message = A parameter or an operation is not supported by the underlying object
    - name = InvalidAccessError
    - result = 2152923151
    - stack = CssSheet.prototype.ruleCount@resource://gre/modules/commonjs/toolkit/loader.js -> resource://devtools/shared/inspector/css-logic.js:1276:1|CssLogic.prototype.getSheet@resource://gre/modules/commonjs/toolkit/loader.js -> resource://devtools/shared/inspector/css-logic.js:389:9|CssLogic.prototype._cacheSheet@resource://gre/modules/commonjs/toolkit/loader.js -> resource://devtools/shared/inspector/css-logic.js:296:20|CssLogic.prototype._cacheSheets@resource://gre/modules/commonjs/toolkit/loader.js -> resource://devtools/shared/inspector/css-logic.js:270:5|CssLogic.prototype.highlight@resource://gre/modules/commonjs/toolkit/loader.js -> resource://devtools/shared/inspector/css-logic.js:171:7|PageStyleActor<.getApplied<@resource://gre/modules/commonjs/toolkit/loader.js -> resource://devtools/server/actors/styles.js:573:5|TaskImpl_run@resource://gre/modules/Task.jsm:319:40|TaskImpl@resource://gre/modules/Task.jsm:280:3|createAsyncFunction/asyncFunction@resource://gre/modules/Task.jsm:254:14|actorProto/</handler@resource://gre/modules/commonjs/toolkit/loader.js -> resource://devtools/server/protocol.js:1013:19|DSC_onPacket@resource://gre/modules/commonjs/toolkit/loader.js -> resource://devtools/server/main.js:1643:15|LocalDebuggerTransport.prototype.send/<@chrome://marionette/content/server.js -> resource://devtools/shared/transport/transport.js:569:11|exports.makeInfallible/<@resource://gre/modules/commonjs/toolkit/loader.js -> resource://devtools/shared/ThreadSafeDevToolsUtils.js:101:14|exports.makeInfallible/<@resource://gre/modules/commonjs/toolkit/loader.js -> resource://devtools/shared/ThreadSafeDevToolsUtils.js:101:14|
  - prototype Error
  - prototype Object
CssSheet.prototype.ruleCount@resource://gre/modules/commonjs/toolkit/loader.js -> resource://devtools/shared/inspector/css-logic.js:1276:1
CssLogic.prototype.getSheet@resource://gre/modules/commonjs/toolkit/loader.js -> resource://devtools/shared/inspector/css-logic.js:389:9
CssLogic.prototype._cacheSheet@resource://gre/modules/commonjs/toolkit/loader.js -> resource://devtools/shared/inspector/css-logic.js:296:20
CssLogic.prototype._cacheSheets@resource://gre/modules/commonjs/toolkit/loader.js -> resource://devtools/shared/inspector/css-logic.js:270:5
CssLogic.prototype.highlight@resource://gre/modules/commonjs/toolkit/loader.js -> resource://devtools/shared/inspector/css-logic.js:171:7
PageStyleActor<.getApplied<@resource://gre/modules/commonjs/toolkit/loader.js -> resource://devtools/server/actors/styles.js:573:5
TaskImpl_run@resource://gre/modules/Task.jsm:319:40
TaskImpl@resource://gre/modules/Task.jsm:280:3
createAsyncFunction/asyncFunction@resource://gre/modules/Task.jsm:254:14
actorProto/</handler@resource://gre/modules/commonjs/toolkit/loader.js -> resource://devtools/server/protocol.js:1013:19
DSC_onPacket@resource://gre/modules/commonjs/toolkit/loader.js -> resource://devtools/server/main.js:1643:15
LocalDebuggerTransport.prototype.send/<@chrome://marionette/content/server.js -> resource://devtools/shared/transport/transport.js:569:11
exports.makeInfallible/<@resource://gre/modules/commonjs/toolkit/loader.js -> resource://devtools/shared/ThreadSafeDevToolsUtils.js:101:14
exports.makeInfallible/<@resource://gre/modules/commonjs/toolkit/loader.js -> resource://devtools/shared/ThreadSafeDevToolsUtils.js:101:14
console.error: 
  Protocol error (unknownError): InvalidAccessError: A parameter or an operation is not supported by the underlying object
console.error: 
  Protocol error (unknownError): InvalidAccessError: A parameter or an operation is not supported by the underlying object
console.error: 
  Protocol error (unknownError): InvalidAccessError: A parameter or an operation is not supported by the underlying object
console.error: 
  Message: [Exception... "Component is not available"  nsresult: "0x80040111 (NS_ERROR_NOT_AVAILABLE)"  location: "JS frame :: resource://gre/modules/commonjs/toolkit/loader.js -> resource://devtools/server/actors/styles.js :: PageStyleActor<.getAppliedProps :: line 780"  data: no]
  Stack:
    PageStyleActor<.getAppliedProps@resource://gre/modules/commonjs/toolkit/loader.js -> resource://devtools/server/actors/styles.js:780:11
PageStyleActor<.getApplied<@resource://gre/modules/commonjs/toolkit/loader.js -> resource://devtools/server/actors/styles.js:578:18
TaskImpl_run@resource://gre/modules/Task.jsm:319:40
TaskImpl@resource://gre/modules/Task.jsm:280:3
createAsyncFunction/asyncFunction@resource://gre/modules/Task.jsm:254:14
actorProto/</handler@resource://gre/modules/commonjs/toolkit/loader.js -> resource://devtools/server/protocol.js:1013:19
DSC_onPacket@resource://gre/modules/commonjs/toolkit/loader.js -> resource://devtools/server/main.js:1643:15
LocalDebuggerTransport.prototype.send/<@chrome://marionette/content/server.js -> resource://devtools/shared/transport/transport.js:569:11
exports.makeInfallible/<@resource://gre/modules/commonjs/toolkit/loader.js -> resource://devtools/shared/ThreadSafeDevToolsUtils.js:101:14
exports.makeInfallible/<@resource://gre/modules/commonjs/toolkit/loader.js -> resource://devtools/shared/ThreadSafeDevToolsUtils.js:101:14

PageStyleActor<.getAppliedProps@resource://gre/modules/commonjs/toolkit/loader.js -> resource://devtools/server/actors/styles.js:780:11
PageStyleActor<.getApplied<@resource://gre/modules/commonjs/toolkit/loader.js -> resource://devtools/server/actors/styles.js:578:18
TaskImpl_run@resource://gre/modules/Task.jsm:319:40
TaskImpl@resource://gre/modules/Task.jsm:280:3
createAsyncFunction/asyncFunction@resource://gre/modules/Task.jsm:254:14
actorProto/</handler@resource://gre/modules/commonjs/toolkit/loader.js -> resource://devtools/server/protocol.js:1013:19
DSC_onPacket@resource://gre/modules/commonjs/toolkit/loader.js -> resource://devtools/server/main.js:1643:15
LocalDebuggerTransport.prototype.send/<@chrome://marionette/content/server.js -> resource://devtools/shared/transport/transport.js:569:11
exports.makeInfallible/<@resource://gre/modules/commonjs/toolkit/loader.js -> resource://devtools/shared/ThreadSafeDevToolsUtils.js:101:14
exports.makeInfallible/<@resource://gre/modules/commonjs/toolkit/loader.js -> resource://devtools/shared/ThreadSafeDevToolsUtils.js:101:14
console.error: 
  Protocol error (unknownError): [Exception... "Component is not available"  nsresult: "0x80040111 (NS_ERROR_NOT_AVAILABLE)"  location: "JS frame :: resource://gre/modules/commonjs/toolkit/loader.js -> resource://devtools/server/actors/styles.js :: PageStyleActor<.getAppliedProps :: line 780"  data: no]
console.error: 
  Protocol error (unknownError): [Exception... "Component is not available"  nsresult: "0x80040111 (NS_ERROR_NOT_AVAILABLE)"  location: "JS frame :: resource://gre/modules/commonjs/toolkit/loader.js -> resource://devtools/server/actors/styles.js :: PageStyleActor<.getAppliedProps :: line 780"  data: no]
1487424491752	addons.productaddons	WARN	Failed downloading via XHR, status: 0, reason: error
JavaScript error: resource://gre/modules/commonjs/toolkit/loader.js -> resource://devtools/server/actors/inspector.js, line 4047: NS_ERROR_ILLEGAL_VALUE: Component returned failure code: 0x80070057 (NS_ERROR_ILLEGAL_VALUE) [inIDeepTreeWalker.parentNode]
JavaScript error: resource://gre/modules/commonjs/toolkit/loader.js -> resource://devtools/server/actors/inspector.js, line 4047: NS_ERROR_ILLEGAL_VALUE: Component returned failure code: 0x80070057 (NS_ERROR_ILLEGAL_VALUE) [inIDeepTreeWalker.parentNode]
JavaScript error: resource://gre/modules/commonjs/toolkit/loader.js -> resource://devtools/server/actors/inspector.js, line 4047: NS_ERROR_ILLEGAL_VALUE: Component returned failure code: 0x80070057 (NS_ERROR_ILLEGAL_VALUE) [inIDeepTreeWalker.parentNode]
JavaScript error: resource://gre/modules/commonjs/toolkit/loader.js -> resource://devtools/server/actors/inspector.js, line 4047: NS_ERROR_ILLEGAL_VALUE: Component returned failure code: 0x80070057 (NS_ERROR_ILLEGAL_VALUE) [inIDeepTreeWalker.parentNode]
JavaScript error: resource://gre/modules/commonjs/toolkit/loader.js -> resource://devtools/server/actors/inspector.js, line 4047: NS_ERROR_ILLEGAL_VALUE: Component returned failure code: 0x80070057 (NS_ERROR_ILLEGAL_VALUE) [inIDeepTreeWalker.parentNode]
JavaScript error: resource://gre/modules/commonjs/toolkit/loader.js -> resource://devtools/server/actors/inspector.js, line 4047: NS_ERROR_ILLEGAL_VALUE: Component returned failure code: 0x80070057 (NS_ERROR_ILLEGAL_VALUE) [inIDeepTreeWalker.parentNode]
JavaScript error: resource://gre/modules/commonjs/toolkit/loader.js -> resource://devtools/server/actors/inspector.js, line 4047: NS_ERROR_ILLEGAL_VALUE: Component returned failure code: 0x80070057 (NS_ERROR_ILLEGAL_VALUE) [inIDeepTreeWalker.parentNode]
JavaScript error: resource://gre/modules/commonjs/toolkit/loader.js -> resource://devtools/server/actors/inspector.js, line 4047: NS_ERROR_ILLEGAL_VALUE: Component returned failure code: 0x80070057 (NS_ERROR_ILLEGAL_VALUE) [inIDeepTreeWalker.parentNode]
JavaScript error: resource://gre/modules/commonjs/toolkit/loader.js -> resource://devtools/server/actors/inspector.js, line 4047: NS_ERROR_ILLEGAL_VALUE: Component returned failure code: 0x80070057 (NS_ERROR_ILLEGAL_VALUE) [inIDeepTreeWalker.parentNode]
JavaScript error: resource://gre/modules/commonjs/toolkit/loader.js -> resource://devtools/server/actors/inspector.js, line 4047: NS_ERROR_ILLEGAL_VALUE: Component returned failure code: 0x80070057 (NS_ERROR_ILLEGAL_VALUE) [inIDeepTreeWalker.parentNode]
JavaScript error: resource://gre/modules/commonjs/toolkit/loader.js -> resource://devtools/server/actors/inspector.js, line 4047: NS_ERROR_ILLEGAL_VALUE: Component returned failure code: 0x80070057 (NS_ERROR_ILLEGAL_VALUE) [inIDeepTreeWalker.parentNode]
JavaScript error: resource://gre/modules/commonjs/toolkit/loader.js -> resource://devtools/server/actors/inspector.js, line 4047: NS_ERROR_ILLEGAL_VALUE: Component returned failure code: 0x80070057 (NS_ERROR_ILLEGAL_VALUE) [inIDeepTreeWalker.parentNode]
JavaScript error: resource://gre/modules/commonjs/toolkit/loader.js -> resource://devtools/server/actors/inspector.js, line 4047: NS_ERROR_ILLEGAL_VALUE: Component returned failure code: 0x80070057 (NS_ERROR_ILLEGAL_VALUE) [inIDeepTreeWalker.parentNode]
JavaScript error: resource://gre/modules/commonjs/toolkit/loader.js -> resource://devtools/server/actors/inspector.js, line 4047: NS_ERROR_ILLEGAL_VALUE: Component returned failure code: 0x80070057 (NS_ERROR_ILLEGAL_VALUE) [inIDeepTreeWalker.parentNode]
JavaScript error: resource://gre/modules/commonjs/toolkit/loader.js -> resource://devtools/server/actors/inspector.js, line 4047: NS_ERROR_ILLEGAL_VALUE: Component returned failure code: 0x80070057 (NS_ERROR_ILLEGAL_VALUE) [inIDeepTreeWalker.parentNode]
JavaScript error: resource://gre/modules/commonjs/toolkit/loader.js -> resource://devtools/server/actors/inspector.js, line 4047: NS_ERROR_ILLEGAL_VALUE: Component returned failure code: 0x80070057 (NS_ERROR_ILLEGAL_VALUE) [inIDeepTreeWalker.parentNode]
JavaScript error: resource://gre/modules/commonjs/toolkit/loader.js -> resource://devtools/server/actors/inspector.js, line 4047: NS_ERROR_ILLEGAL_VALUE: Component returned failure code: 0x80070057 (NS_ERROR_ILLEGAL_VALUE) [inIDeepTreeWalker.parentNode]
JavaScript error: resource://gre/modules/commonjs/toolkit/loader.js -> resource://devtools/server/actors/inspector.js, line 4047: NS_ERROR_ILLEGAL_VALUE: Component returned failure code: 0x80070057 (NS_ERROR_ILLEGAL_VALUE) [inIDeepTreeWalker.parentNode]
JavaScript error: resource://gre/modules/commonjs/toolkit/loader.js -> resource://devtools/server/actors/inspector.js, line 4047: NS_ERROR_ILLEGAL_VALUE: Component returned failure code: 0x80070057 (NS_ERROR_ILLEGAL_VALUE) [inIDeepTreeWalker.parentNode]
JavaScript error: resource://gre/modules/commonjs/toolkit/loader.js -> resource://devtools/server/actors/inspector.js, line 4047: NS_ERROR_ILLEGAL_VALUE: Component returned failure code: 0x80070057 (NS_ERROR_ILLEGAL_VALUE) [inIDeepTreeWalker.parentNode]
JavaScript error: resource://gre/modules/commonjs/toolkit/loader.js -> resource://devtools/server/actors/inspector.js, line 4047: NS_ERROR_ILLEGAL_VALUE: Component returned failure code: 0x80070057 (NS_ERROR_ILLEGAL_VALUE) [inIDeepTreeWalker.parentNode]
JavaScript error: resource://gre/modules/commonjs/toolkit/loader.js -> resource://devtools/server/actors/inspector.js, line 4047: NS_ERROR_ILLEGAL_VALUE: Component returned failure code: 0x80070057 (NS_ERROR_ILLEGAL_VALUE) [inIDeepTreeWalker.parentNode]
JavaScript error: resource://gre/modules/commonjs/toolkit/loader.js -> resource://devtools/server/actors/inspector.js, line 4047: NS_ERROR_ILLEGAL_VALUE: Component returned failure code: 0x80070057 (NS_ERROR_ILLEGAL_VALUE) [inIDeepTreeWalker.parentNode]
JavaScript error: resource://gre/modules/commonjs/toolkit/loader.js -> resource://devtools/server/actors/inspector.js, line 4047: NS_ERROR_ILLEGAL_VALUE: Component returned failure code: 0x80070057 (NS_ERROR_ILLEGAL_VALUE) [inIDeepTreeWalker.parentNode]
JavaScript error: resource://gre/modules/commonjs/toolkit/loader.js -> resource://devtools/server/actors/inspector.js, line 4047: NS_ERROR_ILLEGAL_VALUE: Component returned failure code: 0x80070057 (NS_ERROR_ILLEGAL_VALUE) [inIDeepTreeWalker.parentNode]
JavaScript error: resource://gre/modules/commonjs/toolkit/loader.js -> resource://devtools/server/actors/inspector.js, line 4047: NS_ERROR_ILLEGAL_VALUE: Component returned failure code: 0x80070057 (NS_ERROR_ILLEGAL_VALUE) [inIDeepTreeWalker.parentNode]
JavaScript error: resource://gre/modules/commonjs/toolkit/loader.js -> resource://devtools/server/actors/inspector.js, line 4047: NS_ERROR_ILLEGAL_VALUE: Component returned failure code: 0x80070057 (NS_ERROR_ILLEGAL_VALUE) [inIDeepTreeWalker.parentNode]
JavaScript error: resource://gre/modules/commonjs/toolkit/loader.js -> resource://devtools/server/actors/inspector.js, line 4047: NS_ERROR_ILLEGAL_VALUE: Component returned failure code: 0x80070057 (NS_ERROR_ILLEGAL_VALUE) [inIDeepTreeWalker.parentNode]
JavaScript error: resource://gre/modules/commonjs/toolkit/loader.js -> resource://devtools/server/actors/inspector.js, line 4047: NS_ERROR_ILLEGAL_VALUE: Component returned failure code: 0x80070057 (NS_ERROR_ILLEGAL_VALUE) [inIDeepTreeWalker.parentNode]
JavaScript error: resource://gre/modules/commonjs/toolkit/loader.js -> resource://devtools/server/actors/inspector.js, line 4047: NS_ERROR_ILLEGAL_VALUE: Component returned failure code: 0x80070057 (NS_ERROR_ILLEGAL_VALUE) [inIDeepTreeWalker.parentNode]
JavaScript error: resource://gre/modules/commonjs/toolkit/loader.js -> resource://devtools/server/actors/inspector.js, line 4047: NS_ERROR_ILLEGAL_VALUE: Component returned failure code: 0x80070057 (NS_ERROR_ILLEGAL_VALUE) [inIDeepTreeWalker.parentNode]
JavaScript error: resource://gre/modules/commonjs/toolkit/loader.js -> resource://devtools/server/actors/inspector.js, line 4047: NS_ERROR_ILLEGAL_VALUE: Component returned failure code: 0x80070057 (NS_ERROR_ILLEGAL_VALUE) [inIDeepTreeWalker.parentNode]
JavaScript error: resource://gre/modules/commonjs/toolkit/loader.js -> resource://devtools/server/actors/inspector.js, line 4047: NS_ERROR_ILLEGAL_VALUE: Component returned failure code: 0x80070057 (NS_ERROR_ILLEGAL_VALUE) [inIDeepTreeWalker.parentNode]
JavaScript error: resource://gre/modules/commonjs/toolkit/loader.js -> resource://devtools/server/actors/inspector.js, line 4047: NS_ERROR_ILLEGAL_VALUE: Component returned failure code: 0x80070057 (NS_ERROR_ILLEGAL_VALUE) [inIDeepTreeWalker.parentNode]
JavaScript error: resource://gre/modules/commonjs/toolkit/loader.js -> resource://devtools/server/actors/inspector.js, line 4047: NS_ERROR_ILLEGAL_VALUE: Component returned failure code: 0x80070057 (NS_ERROR_ILLEGAL_VALUE) [inIDeepTreeWalker.parentNode]
JavaScript error: resource://gre/modules/commonjs/toolkit/loader.js -> resource://devtools/server/actors/inspector.js, line 4047: NS_ERROR_ILLEGAL_VALUE: Component returned failure code: 0x80070057 (NS_ERROR_ILLEGAL_VALUE) [inIDeepTreeWalker.parentNode]
JavaScript error: resource://gre/modules/commonjs/toolkit/loader.js -> resource://devtools/server/actors/inspector.js, line 4047: NS_ERROR_ILLEGAL_VALUE: Component returned failure code: 0x80070057 (NS_ERROR_ILLEGAL_VALUE) [inIDeepTreeWalker.parentNode]
JavaScript error: chrome://marionette/content/listener.js, line 1504: TypeError: can't access dead object
ows/< :: line 1191"  data: no]
Stack: TabActor.prototype._docShellsToWindows/<@resource://gre/modules/commonjs/toolkit/loader.js -> resource://devtools/server/actors/webbrowser.js:1191:11
TabActor.prototype._docShellsToWindows@resource://gre/modules/commonjs/toolkit/loader.js -> resource://devtools/server/actors/webbrowser.js:1188:12
TabActor.prototype._notifyDocShellsUpdate@resource://gre/modules/commonjs/toolkit/loader.js -> resource://devtools/server/actors/webbrowser.js:1214:19
DebuggerProgressListener.prototype.onStateChange<@resource://gre/modules/commonjs/toolkit/loader.js -> resource://devtools/server/actors/webbrowser.js:2280:7
exports.makeInfallible/<@resource://gre/modules/commonjs/toolkit/loader.js -> resource://devtools/shared/ThreadSafeDevToolsUtils.js:101:14
Line: 1191, column: 0
Handler function DebuggerProgressListener.prototype.onStateChange threw an exception: [Exception... "Component returned failure code: 0x80004002 (NS_NOINTERFACE) [nsIWebProgress.DOMWindow]"  nsresult: "0x80004002 (NS_NOINTERFACE)"  location: "JS frame :: resource://gre/modules/commonjs/toolkit/loader.js -> resource://devtools/server/actors/webbrowser.js :: DebuggerProgressListener.prototype.onStateChange< :: line 2283"  data: no]
Stack: DebuggerProgressListener.prototype.onStateChange<@resource://gre/modules/commonjs/toolkit/loader.js -> resource://devtools/server/actors/webbrowser.js:2283:9
exports.makeInfallible/<@resource://gre/modules/commonjs/toolkit/loader.js -> resource://devtools/shared/ThreadSafeDevToolsUtils.js:101:14
Line: 2283, column: 0
console.error: 
  Handler function DebuggerProgressListener.prototype.onStateChange threw an exception: [Exception... "Component returned failure code: 0x80004002 (NS_NOINTERFACE) [nsIWebProgress.DOMWindow]"  nsresult: "0x80004002 (NS_NOINTERFACE)"  location: "JS frame :: resource://gre/modules/commonjs/toolkit/loader.js -> resource://devtools/server/actors/webbrowser.js :: DebuggerProgressListener.prototype.onStateChange< :: line 2283"  data: no]
Stack: DebuggerProgressListener.prototype.onStateChange<@resource://gre/modules/commonjs/toolkit/loader.js -> resource://devtools/server/actors/webbrowser.js:2283:9
exports.makeInfallible/<@resource://gre/modules/commonjs/toolkit/loader.js -> resource://devtools/shared/ThreadSafeDevToolsUtils.js:101:14
Line: 2283, column: 0
Handler function DebuggerProgressListener.prototype.onStateChange threw an exception: [Exception... "Component returned failure code: 0x80004002 (NS_NOINTERFACE) [nsIWebProgress.DOMWindow]"  nsresult: "0x80004002 (NS_NOINTERFACE)"  location: "JS frame :: resource://gre/modules/commonjs/toolkit/loader.js -> resource://devtools/server/actors/webbrowser.js :: TabActor.prototype._docShellsToWindows/< :: line 1191"  data: no]
Stack: TabActor.prototype._docShellsToWindows/<@resource://gre/modules/commonjs/toolkit/loader.js -> resource://devtools/server/actors/webbrowser.js:1191:11
TabActor.prototype._docShellsToWindows@resource://gre/modules/commonjs/toolkit/loader.js -> resource://devtools/server/actors/webbrowser.js:1188:12
TabActor.prototype._notifyDocShellsUpdate@resource://gre/modules/commonjs/toolkit/loader.js -> resource://devtools/server/actors/webbrowser.js:1214:19
DebuggerProgressListener.prototype.onStateChange<@resource://gre/modules/commonjs/toolkit/loader.js -> resource://devtools/server/actors/webbrowser.js:2280:7
exports.makeInfallible/<@resource://gre/modules/commonjs/toolkit/loader.js -> resource://devtools/shared/ThreadSafeDevToolsUtils.js:101:14
Line: 1191, column: 0
console.error: 
  Handler function DebuggerProgressListener.prototype.onStateChange threw an exception: [Exception... "Component returned failure code: 0x80004002 (NS_NOINTERFACE) [nsIWebProgress.DOMWindow]"  nsresult: "0x80004002 (NS_NOINTERFACE)"  location: "JS frame :: resource://gre/modules/commonjs/toolkit/loader.js -> resource://devtools/server/actors/webbrowser.js :: TabActor.prototype._docShellsToWindows/< :: line 1191"  data: no]
Stack: TabActor.prototype._docShellsToWindows/<@resource://gre/modules/commonjs/toolkit/loader.js -> resource://devtools/server/actors/webbrowser.js:1191:11
TabActor.prototype._docShellsToWindows@resource://gre/modules/commonjs/toolkit/loader.js -> resource://devtools/server/actors/webbrowser.js:1188:12
TabActor.prototype._notifyDocShellsUpdate@resource://gre/modules/commonjs/toolkit/loader.js -> resource://devtools/server/actors/webbrowser.js:1214:19
DebuggerProgressListener.prototype.onStateChange<@resource://gre/modules/commonjs/toolkit/loader.js -> resource://devtools/server/actors/webbrowser.js:2280:7
exports.makeInfallible/<@resource://gre/modules/commonjs/toolkit/loader.js -> resource://devtools/shared/ThreadSafeDevToolsUtils.js:101:14
Line: 1191, column: 0
Handler function DebuggerProgressListener.prototype.onStateChange threw an exception: [Exception... "Component returned failure code: 0x80004002 (NS_NOINTERFACE) [nsIWebProgress.DOMWindow]"  nsresult: "0x80004002 (NS_NOINTERFACE)"  location: "JS frame :: resource://gre/modules/commonjs/toolkit/loader.js -> resource://devtools/server/actors/webbrowser.js :: DebuggerProgressListener.prototype.onStateChange< :: line 2283"  data: no]
Stack: DebuggerProgressListener.prototype.onStateChange<@resource://gre/modules/commonjs/toolkit/loader.js -> resource://devtools/server/actors/webbrowser.js:2283:9
exports.makeInfallible/<@resource://gre/modules/commonjs/toolkit/loader.js -> resource://devtools/shared/ThreadSafeDevToolsUtils.js:101:14
Line: 2283, column: 0
console.error: 
  Handler function DebuggerProgressListener.prototype.onStateChange threw an exception: [Exception... "Component returned failure code: 0x80004002 (NS_NOINTERFACE) [nsIWebProgress.DOMWindow]"  nsresult: "0x80004002 (NS_NOINTERFACE)"  location: "JS frame :: resource://gre/modules/commonjs/toolkit/loader.js -> resource://devtools/server/actors/webbrowser.js :: DebuggerProgressListener.prototype.onStateChange< :: line 2283"  data: no]
Stack: DebuggerProgressListener.prototype.onStateChange<@resource://gre/modules/commonjs/toolkit/loader.js -> resource://devtools/server/actors/webbrowser.js:2283:9
exports.makeInfallible/<@resource://gre/modules/commonjs/toolkit/loader.js -> resource://devtools/shared/ThreadSafeDevToolsUtils.js:101:14
Line: 2283, column: 0
JavaScript warning: https://dl.reg.163.com/src/mp-agent-finger.html?WEBZJVersion=1486436000279&pkid=tajyMJn&product=undefined, line 217: unreachable code after return statement
JavaScript warning: https://dl.reg.163.com/src/mp-agent-finger.html?WEBZJVersion=1486436000279&pkid=tajyMJn&product=undefined, line 217: unreachable code after return statement
JavaScript error: resource://gre/modules/commonjs/toolkit/loader.js -> resource://devtools/server/actors/webbrowser.js, line 1227: NS_NOINTERFACE: Component returned failure code: 0x80004002 (NS_NOINTERFACE) [nsIWebProgress.DOMWindow]
Handler function DebuggerProgressListener.prototype.onStateChange threw an exception: [Exception... "Component returned failure code: 0x80004002 (NS_NOINTERFACE) [nsIWebProgress.DOMWindow]"  nsresult: "0x80004002 (NS_NOINTERFACE)"  location: "JS frame :: resource://gre/modules/commonjs/toolkit/loader.js -> resource://devtools/server/actors/webbrowser.js :: TabActor.prototype._docShellsToWindows/< :: line 1191"  data: no]
Stack: TabActor.prototype._docShellsToWindows/<@resource://gre/modules/commonjs/toolkit/loader.js -> resource://devtools/server/actors/webbrowser.js:1191:11
TabActor.prototype._docShellsToWindows@resource://gre/modules/commonjs/toolkit/loader.js -> resource://devtools/server/actors/webbrowser.js:1188:12
TabActor.prototype._notifyDocShellsUpdate@resource://gre/modules/commonjs/toolkit/loader.js -> resource://devtools/server/actors/webbrowser.js:1214:19
DebuggerProgressListener.prototype.onStateChange<@resource://gre/modules/commonjs/toolkit/loader.js -> resource://devtools/server/actors/webbrowser.js:2280:7
exports.makeInfallible/<@resource://gre/modules/commonjs/toolkit/loader.js -> resource://devtools/shared/ThreadSafeDevToolsUtils.js:101:14
Line: 1191, column: 0
console.error: 
  Handler function DebuggerProgressListener.prototype.onStateChange threw an exception: [Exception... "Component returned failure code: 0x80004002 (NS_NOINTERFACE) [nsIWebProgress.DOMWindow]"  nsresult: "0x80004002 (NS_NOINTERFACE)"  location: "JS frame :: resource://gre/modules/commonjs/toolkit/loader.js -> resource://devtools/server/actors/webbrowser.js :: TabActor.prototype._docShellsToWindows/< :: line 1191"  data: no]
Stack: TabActor.prototype._docShellsToWindows/<@resource://gre/modules/commonjs/toolkit/loader.js -> resource://devtools/server/actors/webbrowser.js:1191:11
TabActor.prototype._docShellsToWindows@resource://gre/modules/commonjs/toolkit/loader.js -> resource://devtools/server/actors/webbrowser.js:1188:12
TabActor.prototype._notifyDocShellsUpdate@resource://gre/modules/commonjs/toolkit/loader.js -> resource://devtools/server/actors/webbrowser.js:1214:19
DebuggerProgressListener.prototype.onStateChange<@resource://gre/modules/commonjs/toolkit/loader.js -> resource://devtools/server/actors/webbrowser.js:2280:7
exports.makeInfallible/<@resource://gre/modules/commonjs/toolkit/loader.js -> resource://devtools/shared/ThreadSafeDevToolsUtils.js:101:14
Line: 1191, column: 0
Handler function DebuggerProgressListener.prototype.onStateChange threw an exception: [Exception... "Component returned failure code: 0x80004002 (NS_NOINTERFACE) [nsIWebProgress.DOMWindow]"  nsresult: "0x80004002 (NS_NOINTERFACE)"  location: "JS frame :: resource://gre/modules/commonjs/toolkit/loader.js -> resource://devtools/server/actors/webbrowser.js :: DebuggerProgressListener.prototype.onStateChange< :: line 2283"  data: no]
Stack: DebuggerProgressListener.prototype.onStateChange<@resource://gre/modules/commonjs/toolkit/loader.js -> resource://devtools/server/actors/webbrowser.js:2283:9
exports.makeInfallible/<@resource://gre/modules/commonjs/toolkit/loader.js -> resource://devtools/shared/ThreadSafeDevToolsUtils.js:101:14
Line: 2283, column: 0
console.error: 
  Handler function DebuggerProgressListener.prototype.onStateChange threw an exception: [Exception... "Component returned failure code: 0x80004002 (NS_NOINTERFACE) [nsIWebProgress.DOMWindow]"  nsresult: "0x80004002 (NS_NOINTERFACE)"  location: "JS frame :: resource://gre/modules/commonjs/toolkit/loader.js -> resource://devtools/server/actors/webbrowser.js :: DebuggerProgressListener.prototype.onStateChange< :: line 2283"  data: no]
Stack: DebuggerProgressListener.prototype.onStateChange<@resource://gre/modules/commonjs/toolkit/loader.js -> resource://devtools/server/actors/webbrowser.js:2283:9
exports.makeInfallible/<@resource://gre/modules/commonjs/toolkit/loader.js -> resource://devtools/shared/ThreadSafeDevToolsUtils.js:101:14
Line: 2283, column: 0
Handler function DebuggerProgressListener.prototype.onStateChange threw an exception: [Exception... "Component returned failure code: 0x80004002 (NS_NOINTERFACE) [nsIWebProgress.DOMWindow]"  nsresult: "0x80004002 (NS_NOINTERFACE)"  location: "JS frame :: resource://gre/modules/commonjs/toolkit/loader.js -> resource://devtools/server/actors/webbrowser.js :: TabActor.prototype._docShellsToWindows/< :: line 1191"  data: no]
Stack: TabActor.prototype._docShellsToWindows/<@resource://gre/modules/commonjs/toolkit/loader.js -> resource://devtools/server/actors/webbrowser.js:1191:11
TabActor.prototype._docShellsToWindows@resource://gre/modules/commonjs/toolkit/loader.js -> resource://devtools/server/actors/webbrowser.js:1188:12
TabActor.prototype._notifyDocShellsUpdate@resource://gre/modules/commonjs/toolkit/loader.js -> resource://devtools/server/actors/webbrowser.js:1214:19
DebuggerProgressListener.prototype.onStateChange<@resource://gre/modules/commonjs/toolkit/loader.js -> resource://devtools/server/actors/webbrowser.js:2280:7
exports.makeInfallible/<@resource://gre/modules/commonjs/toolkit/loader.js -> resource://devtools/shared/ThreadSafeDevToolsUtils.js:101:14
Line: 1191, column: 0
console.error: 
  Handler function DebuggerProgressListener.prototype.onStateChange threw an exception: [Exception... "Component returned failure code: 0x80004002 (NS_NOINTERFACE) [nsIWebProgress.DOMWindow]"  nsresult: "0x80004002 (NS_NOINTERFACE)"  location: "JS frame :: resource://gre/modules/commonjs/toolkit/loader.js -> resource://devtools/server/actors/webbrowser.js :: TabActor.prototype._docShellsToWindows/< :: line 1191"  data: no]
Stack: TabActor.prototype._docShellsToWindows/<@resource://gre/modules/commonjs/toolkit/loader.js -> resource://devtools/server/actors/webbrowser.js:1191:11
TabActor.prototype._docShellsToWindows@resource://gre/modules/commonjs/toolkit/loader.js -> resource://devtools/server/actors/webbrowser.js:1188:12
TabActor.prototype._notifyDocShellsUpdate@resource://gre/modules/commonjs/toolkit/loader.js -> resource://devtools/server/actors/webbrowser.js:1214:19
DebuggerProgressListener.prototype.onStateChange<@resource://gre/modules/commonjs/toolkit/loader.js -> resource://devtools/server/actors/webbrowser.js:2280:7
exports.makeInfallible/<@resource://gre/modules/commonjs/toolkit/loader.js -> resource://devtools/shared/ThreadSafeDevToolsUtils.js:101:14
Line: 1191, column: 0
Handler function DebuggerProgressListener.prototype.onStateChange threw an exception: [Exception... "Component returned failure code: 0x80004002 (NS_NOINTERFACE) [nsIWebProgress.DOMWindow]"  nsresult: "0x80004002 (NS_NOINTERFACE)"  location: "JS frame :: resource://gre/modules/commonjs/toolkit/loader.js -> resource://devtools/server/actors/webbrowser.js :: DebuggerProgressListener.prototype.onStateChange< :: line 2283"  data: no]
Stack: DebuggerProgressListener.prototype.onStateChange<@resource://gre/modules/commonjs/toolkit/loader.js -> resource://devtools/server/actors/webbrowser.js:2283:9
exports.makeInfallible/<@resource://gre/modules/commonjs/toolkit/loader.js -> resource://devtools/shared/ThreadSafeDevToolsUtils.js:101:14
Line: 2283, column: 0
console.error: 
  Handler function DebuggerProgressListener.prototype.onStateChange threw an exception: [Exception... "Component returned failure code: 0x80004002 (NS_NOINTERFACE) [nsIWebProgress.DOMWindow]"  nsresult: "0x80004002 (NS_NOINTERFACE)"  location: "JS frame :: resource://gre/modules/commonjs/toolkit/loader.js -> resource://devtools/server/actors/webbrowser.js :: DebuggerProgressListener.prototype.onStateChange< :: line 2283"  data: no]
Stack: DebuggerProgressListener.prototype.onStateChange<@resource://gre/modules/commonjs/toolkit/loader.js -> resource://devtools/server/actors/webbrowser.js:2283:9
exports.makeInfallible/<@resource://gre/modules/commonjs/toolkit/loader.js -> resource://devtools/shared/ThreadSafeDevToolsUtils.js:101:14
Line: 2283, column: 0
JavaScript error: resource://gre/modules/LoginManagerParent.jsm, line 77: TypeError: this._recipeManager is null
console.warn: Asynchronous operation was aborted as selection changed.
JavaScript error: resource://gre/modules/LoginManagerParent.jsm, line 77: TypeError: this._recipeManager is null
console.error: 
  navigated; resolution of _defaultNode aborted
