1487173383156	geckodriver	INFO	Listening on 127.0.0.1:53817
1487173385185	mozprofile::profile	INFO	Using profile path C:\Users\air\AppData\Local\Temp\rust_mozprofile.qNUJ6RG92gKz
1487173385188	geckodriver::marionette	INFO	Starting browser C:\Program Files (x86)\Mozilla Firefox\firefox.exe
1487173385206	geckodriver::marionette	INFO	Connecting to Marionette on localhost:53825
1487173386080	Marionette	INFO	Listening on port 53825
JavaScript error: chrome://marionette/content/listener.js, line 1155: NS_ERROR_UNKNOWN_PROTOCOL: 
cript warning: https://dl.reg.163.com/src/mp-agent-finger.html?WEBZJVersion=1486436000279&pkid=tajyMJn&product=undefined, line 217: unreachable code after return statement
JavaScript warning: https://dl.reg.163.com/src/mp-agent-finger.html?WEBZJVersion=1486436000279&pkid=tajyMJn&product=undefined, line 217: unreachable code after return statement
JavaScript warning: resource://gre/modules/commonjs/toolkit/loader.js -> resource://gre/modules/commonjs/sdk/system/environment.js, line 15: Proxy.create and Proxy.createFunction are deprecated, use new Proxy instead
console.warn: Asynchronous operation was aborted as selection changed.
Handler function threw an exception: TypeError: threadActor is null
Stack: TabActor.prototype._windowReady@resource://gre/modules/commonjs/toolkit/loader.js -> resource://devtools/server/actors/webbrowser.js:1734:1
TabActor.prototype._changeTopLevelDocument/<@resource://gre/modules/commonjs/toolkit/loader.js -> resource://devtools/server/actors/webbrowser.js:1671:7
exports.makeInfallible/<@resource://gre/modules/commonjs/toolkit/loader.js -> resource://devtools/shared/ThreadSafeDevToolsUtils.js:101:14
Line: 1734, column: 1
console.error: 
  Handler function threw an exception: TypeError: threadActor is null
Stack: TabActor.prototype._windowReady@resource://gre/modules/commonjs/toolkit/loader.js -> resource://devtools/server/actors/webbrowser.js:1734:1
TabActor.prototype._changeTopLevelDocument/<@resource://gre/modules/commonjs/toolkit/loader.js -> resource://devtools/server/actors/webbrowser.js:1671:7
exports.makeInfallible/<@resource://gre/modules/commonjs/toolkit/loader.js -> resource://devtools/shared/ThreadSafeDevToolsUtils.js:101:14
Line: 1734, column: 1
