INFO:root:----------Login test start----------
INFO:root:open browser [chrome]
INFO:root:close all windows
INFO:root:----------Login test end----------

INFO:root:----------Login test start----------
INFO:root:open browser [chrome]
INFO:root:navigate to [http://study-miniblog-new.qa.netease.com/]
ERROR:root:can not send [set(['spencer', 'luojiahui'])] to [Username] in [LoginPage]
INFO:root:close all windows
INFO:root:----------Login test end----------

INFO:root:----------WriteBlog test start----------
INFO:root:open browser [chrome]
INFO:root:navigate to [http://study-miniblog-new.qa.netease.com/]
ERROR:root:can not send [set(['spencer', 'luojiahui'])] to [Username] in [LoginPage]
INFO:root:close all windows
INFO:root:----------WriteBlog test end----------

INFO:root:----------Login test start----------
INFO:root:open browser [firefox]
INFO:root:close all windows
INFO:root:----------Login test end----------

INFO:root:----------Login test start----------
INFO:root:open browser [firefox]
INFO:root:navigate to [http://study-miniblog-new.qa.netease.com/]
ERROR:root:can not send [set(['spencer', 'luojiahui'])] to [Username] in [LoginPage]
INFO:root:close all windows
INFO:root:----------Login test end----------

INFO:root:----------WriteBlog test start----------
INFO:root:open browser [firefox]
INFO:root:navigate to [http://study-miniblog-new.qa.netease.com/]
ERROR:root:can not send [set(['spencer', 'luojiahui'])] to [Username] in [LoginPage]
INFO:root:close all windows
INFO:root:----------WriteBlog test end----------

